{"D:\\MyGitRepositories\\EPAM_React_tasks\\src\\index.jsx": {"path":"D:\\MyGitRepositories\\EPAM_React_tasks\\src\\index.jsx","statementMap":{"0":{"start":{"line":1,"column":0},"end":{"line":null,"column":-1}},"1":{"start":{"line":2,"column":0},"end":{"line":null,"column":-1}},"2":{"start":{"line":3,"column":0},"end":{"line":null,"column":-1}},"3":{"start":{"line":4,"column":0},"end":{"line":null,"column":-1}},"4":{"start":{"line":5,"column":0},"end":{"line":null,"column":-1}},"5":{"start":{"line":6,"column":0},"end":{"line":null,"column":-1}},"6":{"start":{"line":7,"column":0},"end":{"line":null,"column":-1}},"7":{"start":{"line":13,"column":0},"end":{"line":null,"column":-1}},"8":{"start":{"line":14,"column":0},"end":{"line":null,"column":-1}},"9":{"start":{"line":15,"column":0},"end":{"line":null,"column":-1}},"10":{"start":{"line":17,"column":0},"end":{"line":null,"column":-1}},"11":{"start":{"line":18,"column":0},"end":{"line":null,"column":-1}},"12":{"start":{"line":19,"column":0},"end":{"line":null,"column":-1}},"13":{"start":{"line":20,"column":0},"end":{"line":null,"column":-1}},"14":{"start":{"line":22,"column":16},"end":{"line":22,"column":0}},"15":{"start":{"line":23,"column":23},"end":{"line":23,"column":0}},"16":{"start":{"line":25,"column":14},"end":{"line":25,"column":0}},"17":{"start":{"line":31,"column":0},"end":{"line":null,"column":-1}},"18":{"start":{"line":33,"column":0},"end":{"line":null,"column":-1}}},"fnMap":{},"branchMap":{},"s":{"0":0,"1":0,"2":0,"3":0,"4":0,"5":0,"6":0,"7":0,"8":0,"9":0,"10":0,"11":0,"12":0,"13":0,"14":0,"15":0,"16":0,"17":0,"18":0},"f":{},"b":{}}
,"D:\\MyGitRepositories\\EPAM_React_tasks\\src\\app\\App.jsx": {"path":"D:\\MyGitRepositories\\EPAM_React_tasks\\src\\app\\App.jsx","statementMap":{"0":{"start":{"line":1,"column":0},"end":{"line":null,"column":-1}},"1":{"start":{"line":2,"column":0},"end":{"line":null,"column":-1}},"2":{"start":{"line":4,"column":0},"end":{"line":null,"column":-1}},"3":{"start":{"line":5,"column":0},"end":{"line":null,"column":-1}},"4":{"start":{"line":6,"column":0},"end":{"line":null,"column":-1}},"5":{"start":{"line":8,"column":0},"end":{"line":null,"column":-1}},"6":{"start":{"line":11,"column":4},"end":{"line":null,"column":-1}}},"fnMap":{"0":{"name":"App","decl":{"start":{"line":10,"column":9},"end":{"line":10,"column":0}},"loc":{"start":{"line":10,"column":15},"end":{"line":21,"column":1}}}},"branchMap":{},"s":{"0":0,"1":0,"2":0,"3":0,"4":0,"5":0,"6":0},"f":{"0":0},"b":{}}
,"D:\\MyGitRepositories\\EPAM_React_tasks\\src\\app\\actions\\articleSelection.js": {"path":"D:\\MyGitRepositories\\EPAM_React_tasks\\src\\app\\actions\\articleSelection.js","statementMap":{"0":{"start":{"line":1,"column":0},"end":{"line":null,"column":-1}},"1":{"start":{"line":2,"column":0},"end":{"line":null,"column":-1}},"2":{"start":{"line":4,"column":25},"end":{"line":4,"column":0}},"3":{"start":{"line":5,"column":30},"end":{"line":5,"column":0}}},"fnMap":{},"branchMap":{},"s":{"0":0,"1":0,"2":0,"3":0},"f":{},"b":{}}
,"D:\\MyGitRepositories\\EPAM_React_tasks\\src\\app\\actions\\index.js": {"path":"D:\\MyGitRepositories\\EPAM_React_tasks\\src\\app\\actions\\index.js","statementMap":{"0":{"start":{"line":1,"column":0},"end":{"line":null,"column":-1}},"1":{"start":{"line":2,"column":0},"end":{"line":null,"column":-1}},"2":{"start":{"line":3,"column":0},"end":{"line":null,"column":-1}}},"fnMap":{},"branchMap":{},"s":{"0":0,"1":0,"2":0},"f":{},"b":{}}
,"D:\\MyGitRepositories\\EPAM_React_tasks\\src\\app\\actions\\loadingNews.js": {"path":"D:\\MyGitRepositories\\EPAM_React_tasks\\src\\app\\actions\\loadingNews.js","statementMap":{"0":{"start":{"line":1,"column":0},"end":{"line":null,"column":-1}},"1":{"start":{"line":3,"column":0},"end":{"line":null,"column":-1}},"2":{"start":{"line":12,"column":29},"end":{"line":null,"column":-1}}},"fnMap":{"0":{"name":"(anonymous_1)","decl":{"start":{"line":12,"column":29},"end":{"line":12,"column":29}},"loc":{"start":{"line":12,"column":29},"end":{"line":11,"column":4}}}},"branchMap":{},"s":{"0":0,"1":0,"2":0},"f":{"0":0},"b":{}}
,"D:\\MyGitRepositories\\EPAM_React_tasks\\src\\app\\actions\\navigation.js": {"path":"D:\\MyGitRepositories\\EPAM_React_tasks\\src\\app\\actions\\navigation.js","statementMap":{"0":{"start":{"line":1,"column":0},"end":{"line":null,"column":-1}},"1":{"start":{"line":2,"column":0},"end":{"line":null,"column":-1}},"2":{"start":{"line":4,"column":23},"end":{"line":4,"column":0}}},"fnMap":{},"branchMap":{},"s":{"0":0,"1":0,"2":0},"f":{},"b":{}}
,"D:\\MyGitRepositories\\EPAM_React_tasks\\src\\app\\components\\Article\\index.jsx": {"path":"D:\\MyGitRepositories\\EPAM_React_tasks\\src\\app\\components\\Article\\index.jsx","statementMap":{"0":{"start":{"line":1,"column":0},"end":{"line":null,"column":-1}},"1":{"start":{"line":2,"column":0},"end":{"line":null,"column":-1}},"2":{"start":{"line":4,"column":0},"end":{"line":null,"column":-1}},"3":{"start":{"line":6,"column":16},"end":{"line":6,"column":0}},"4":{"start":{"line":6,"column":44},"end":{"line":6,"column":43}},"5":{"start":{"line":7,"column":25},"end":{"line":7,"column":4}},"6":{"start":{"line":9,"column":4},"end":{"line":null,"column":-1}},"7":{"start":{"line":26,"column":0},"end":{"line":null,"column":-1}},"8":{"start":{"line":32,"column":0},"end":{"line":null,"column":-1}}},"fnMap":{"0":{"name":"Article","decl":{"start":{"line":6,"column":6},"end":{"line":6,"column":16}},"loc":{"start":{"line":6,"column":44},"end":{"line":6,"column":0}}}},"branchMap":{"0":{"loc":{"start":{"line":7,"column":48},"end":{"line":7,"column":25}},"type":"cond-expr","locations":[{"start":{"line":7,"column":48},"end":{"line":7,"column":25}},{"start":{"line":7,"column":74},"end":{"line":7,"column":4}}]},"1":{"loc":{"start":{"line":12,"column":16},"end":{"line":11,"column":13}},"type":"cond-expr","locations":[{"start":{"line":12,"column":16},"end":{"line":11,"column":13}},{"start":{"line":14,"column":16},"end":{"line":10,"column":8}}]}},"s":{"0":0,"1":0,"2":0,"3":0,"4":0,"5":0,"6":0,"7":0,"8":0},"f":{"0":0},"b":{"0":[0,0],"1":[0,0]}}
,"D:\\MyGitRepositories\\EPAM_React_tasks\\src\\app\\components\\ArticlesList\\index.jsx": {"path":"D:\\MyGitRepositories\\EPAM_React_tasks\\src\\app\\components\\ArticlesList\\index.jsx","statementMap":{"0":{"start":{"line":1,"column":0},"end":{"line":null,"column":-1}},"1":{"start":{"line":2,"column":0},"end":{"line":null,"column":-1}},"2":{"start":{"line":4,"column":0},"end":{"line":null,"column":-1}},"3":{"start":{"line":6,"column":0},"end":{"line":null,"column":-1}},"4":{"start":{"line":8,"column":21},"end":{"line":8,"column":0}},"5":{"start":{"line":8,"column":57},"end":{"line":8,"column":56}},"6":{"start":{"line":9,"column":24},"end":{"line":9,"column":4}},"7":{"start":{"line":9,"column":37},"end":{"line":null,"column":-1}},"8":{"start":{"line":18,"column":4},"end":{"line":null,"column":-1}},"9":{"start":{"line":28,"column":0},"end":{"line":null,"column":-1}},"10":{"start":{"line":34,"column":0},"end":{"line":null,"column":-1}}},"fnMap":{"0":{"name":"ArticlesList","decl":{"start":{"line":8,"column":6},"end":{"line":8,"column":21}},"loc":{"start":{"line":8,"column":57},"end":{"line":8,"column":0}}},"1":{"name":"(anonymous_2)","decl":{"start":{"line":9,"column":37},"end":{"line":null,"column":-1}},"loc":{"start":{"line":9,"column":37},"end":{"line":9,"column":24}}}},"branchMap":{},"s":{"0":0,"1":0,"2":0,"3":0,"4":0,"5":0,"6":0,"7":0,"8":0,"9":0,"10":0},"f":{"0":0,"1":0},"b":{}}
,"D:\\MyGitRepositories\\EPAM_React_tasks\\src\\app\\components\\Carousel\\index.jsx": {"path":"D:\\MyGitRepositories\\EPAM_React_tasks\\src\\app\\components\\Carousel\\index.jsx","statementMap":{"0":{"start":{"line":1,"column":0},"end":{"line":null,"column":-1}},"1":{"start":{"line":2,"column":0},"end":{"line":null,"column":-1}},"2":{"start":{"line":3,"column":0},"end":{"line":null,"column":-1}},"3":{"start":{"line":5,"column":0},"end":{"line":null,"column":-1}},"4":{"start":{"line":9,"column":8},"end":{"line":null,"column":-1}},"5":{"start":{"line":13,"column":8},"end":{"line":null,"column":-1}},"6":{"start":{"line":16,"column":28},"end":{"line":null,"column":-1}},"7":{"start":{"line":29,"column":0},"end":{"line":null,"column":-1}},"8":{"start":{"line":34,"column":0},"end":{"line":null,"column":-1}}},"fnMap":{"0":{"name":"render","decl":{"start":{"line":16,"column":28},"end":{"line":null,"column":-1}},"loc":{"start":{"line":16,"column":28},"end":{"line":15,"column":16}}}},"branchMap":{},"s":{"0":0,"1":0,"2":0,"3":0,"4":0,"5":0,"6":0,"7":0,"8":0},"f":{"0":0},"b":{}}
,"D:\\MyGitRepositories\\EPAM_React_tasks\\src\\app\\components\\DetailedArticle\\index.jsx": {"path":"D:\\MyGitRepositories\\EPAM_React_tasks\\src\\app\\components\\DetailedArticle\\index.jsx","statementMap":{"0":{"start":{"line":1,"column":0},"end":{"line":null,"column":-1}},"1":{"start":{"line":3,"column":0},"end":{"line":null,"column":-1}},"2":{"start":{"line":5,"column":0},"end":{"line":null,"column":-1}},"3":{"start":{"line":7,"column":24},"end":{"line":7,"column":0}},"4":{"start":{"line":7,"column":24},"end":{"line":7,"column":23}},"5":{"start":{"line":7,"column":24},"end":{"line":null,"column":-1}},"6":{"start":{"line":31,"column":0},"end":{"line":null,"column":-1}},"7":{"start":{"line":35,"column":0},"end":{"line":null,"column":-1}}},"fnMap":{"0":{"name":"DetailedArticle","decl":{"start":{"line":7,"column":6},"end":{"line":7,"column":24}},"loc":{"start":{"line":7,"column":24},"end":{"line":7,"column":0}}}},"branchMap":{},"s":{"0":0,"1":0,"2":0,"3":0,"4":0,"5":0,"6":0,"7":0},"f":{"0":0},"b":{}}
,"D:\\MyGitRepositories\\EPAM_React_tasks\\src\\app\\components\\Footer\\index.jsx": {"path":"D:\\MyGitRepositories\\EPAM_React_tasks\\src\\app\\components\\Footer\\index.jsx","statementMap":{"0":{"start":{"line":5,"column":15},"end":{"line":11,"column":1}},"1":{"start":{"line":6,"column":4},"end":{"line":10,"column":13}}},"fnMap":{"0":{"name":"(anonymous_0)","decl":{"start":{"line":5,"column":15},"end":{"line":5,"column":16}},"loc":{"start":{"line":6,"column":4},"end":{"line":10,"column":13}},"line":6}},"branchMap":{},"s":{"0":1,"1":1},"f":{"0":1},"b":{},"_coverageSchema":"332fd63041d2c1bcb487cc26dd0d5f7d97098a6c","hash":"4658d562e0bbbc780906e000d5ed670a0102bc55"}
,"D:\\MyGitRepositories\\EPAM_React_tasks\\src\\app\\components\\Header\\index.jsx": {"path":"D:\\MyGitRepositories\\EPAM_React_tasks\\src\\app\\components\\Header\\index.jsx","statementMap":{"0":{"start":{"line":1,"column":0},"end":{"line":null,"column":-1}},"1":{"start":{"line":2,"column":0},"end":{"line":null,"column":-1}},"2":{"start":{"line":3,"column":0},"end":{"line":null,"column":-1}},"3":{"start":{"line":4,"column":0},"end":{"line":null,"column":-1}},"4":{"start":{"line":6,"column":0},"end":{"line":null,"column":-1}},"5":{"start":{"line":7,"column":0},"end":{"line":null,"column":-1}},"6":{"start":{"line":9,"column":0},"end":{"line":null,"column":-1}},"7":{"start":{"line":11,"column":15},"end":{"line":11,"column":0}},"8":{"start":{"line":11,"column":15},"end":{"line":11,"column":14}},"9":{"start":{"line":11,"column":15},"end":{"line":null,"column":-1}},"10":{"start":{"line":25,"column":20},"end":{"line":null,"column":-1}},"11":{"start":{"line":36,"column":34},"end":{"line":null,"column":-1}},"12":{"start":{"line":48,"column":0},"end":{"line":null,"column":-1}}},"fnMap":{"0":{"name":"Header","decl":{"start":{"line":11,"column":6},"end":{"line":11,"column":15}},"loc":{"start":{"line":11,"column":15},"end":{"line":11,"column":0}}},"1":{"name":"onClick","decl":{"start":{"line":24,"column":25},"end":{"line":24,"column":30}},"loc":{"start":{"line":24,"column":31},"end":{"line":26,"column":17}}},"2":{"name":"navLinksCallback","decl":{"start":{"line":36,"column":34},"end":{"line":null,"column":-1}},"loc":{"start":{"line":36,"column":34},"end":{"line":32,"column":12}}}},"branchMap":{"0":{"loc":{"start":{"line":34,"column":38},"end":{"line":34,"column":20}},"type":"cond-expr","locations":[{"start":{"line":34,"column":38},"end":{"line":34,"column":20}},{"start":{"line":34,"column":49},"end":{"line":33,"column":16}}]}},"s":{"0":0,"1":0,"2":0,"3":0,"4":0,"5":0,"6":0,"7":0,"8":0,"9":0,"10":0,"11":0,"12":0},"f":{"0":0,"1":0,"2":0},"b":{"0":[0,0]}}
,"D:\\MyGitRepositories\\EPAM_React_tasks\\src\\app\\components\\LoadingIndicator\\index.jsx": {"path":"D:\\MyGitRepositories\\EPAM_React_tasks\\src\\app\\components\\LoadingIndicator\\index.jsx","statementMap":{"0":{"start":{"line":1,"column":0},"end":{"line":null,"column":-1}},"1":{"start":{"line":2,"column":0},"end":{"line":null,"column":-1}},"2":{"start":{"line":3,"column":0},"end":{"line":null,"column":-1}},"3":{"start":{"line":4,"column":0},"end":{"line":null,"column":-1}},"4":{"start":{"line":6,"column":0},"end":{"line":null,"column":-1}},"5":{"start":{"line":7,"column":0},"end":{"line":null,"column":-1}},"6":{"start":{"line":9,"column":25},"end":{"line":9,"column":0}},"7":{"start":{"line":9,"column":25},"end":{"line":9,"column":24}},"8":{"start":{"line":9,"column":25},"end":{"line":null,"column":-1}},"9":{"start":{"line":16,"column":0},"end":{"line":null,"column":-1}},"10":{"start":{"line":22,"column":0},"end":{"line":null,"column":-1}}},"fnMap":{"0":{"name":"LoadingIndicator","decl":{"start":{"line":9,"column":6},"end":{"line":9,"column":25}},"loc":{"start":{"line":9,"column":25},"end":{"line":9,"column":0}}}},"branchMap":{},"s":{"0":0,"1":0,"2":0,"3":0,"4":0,"5":0,"6":0,"7":0,"8":0,"9":0,"10":0},"f":{"0":0},"b":{}}
,"D:\\MyGitRepositories\\EPAM_React_tasks\\src\\app\\components\\NavigationPanel\\index.jsx": {"path":"D:\\MyGitRepositories\\EPAM_React_tasks\\src\\app\\components\\NavigationPanel\\index.jsx","statementMap":{"0":{"start":{"line":1,"column":0},"end":{"line":null,"column":-1}},"1":{"start":{"line":2,"column":0},"end":{"line":null,"column":-1}},"2":{"start":{"line":3,"column":0},"end":{"line":null,"column":-1}},"3":{"start":{"line":5,"column":24},"end":{"line":5,"column":0}},"4":{"start":{"line":5,"column":24},"end":{"line":5,"column":23}},"5":{"start":{"line":5,"column":24},"end":{"line":null,"column":-1}},"6":{"start":{"line":9,"column":29},"end":{"line":null,"column":-1}},"7":{"start":{"line":12,"column":20},"end":{"line":null,"column":-1}},"8":{"start":{"line":26,"column":0},"end":{"line":null,"column":-1}},"9":{"start":{"line":32,"column":0},"end":{"line":null,"column":-1}}},"fnMap":{"0":{"name":"NavigationPanel","decl":{"start":{"line":5,"column":6},"end":{"line":5,"column":24}},"loc":{"start":{"line":5,"column":24},"end":{"line":5,"column":0}}},"1":{"name":"(anonymous_2)","decl":{"start":{"line":9,"column":29},"end":{"line":null,"column":-1}},"loc":{"start":{"line":9,"column":29},"end":{"line":9,"column":9}}},"2":{"name":"onClick","decl":{"start":{"line":11,"column":25},"end":{"line":11,"column":30}},"loc":{"start":{"line":11,"column":31},"end":{"line":10,"column":12}}}},"branchMap":{},"s":{"0":0,"1":0,"2":0,"3":0,"4":0,"5":0,"6":0,"7":0,"8":0,"9":0},"f":{"0":0,"1":0,"2":0},"b":{}}
,"D:\\MyGitRepositories\\EPAM_React_tasks\\src\\app\\constants\\customPropTypes.js": {"path":"D:\\MyGitRepositories\\EPAM_React_tasks\\src\\app\\constants\\customPropTypes.js","statementMap":{"0":{"start":{"line":1,"column":0},"end":{"line":null,"column":-1}},"1":{"start":{"line":3,"column":24},"end":{"line":3,"column":0}},"2":{"start":{"line":3,"column":39},"end":{"line":null,"column":-1}}},"fnMap":{"0":{"name":"(anonymous_2)","decl":{"start":{"line":3,"column":39},"end":{"line":null,"column":-1}},"loc":{"start":{"line":3,"column":39},"end":{"line":3,"column":24}}}},"branchMap":{"0":{"loc":{"start":{"line":4,"column":4},"end":{"line":4,"column":3}},"type":"binary-expr","locations":[{"start":{"line":4,"column":4},"end":{"line":4,"column":3}},{"start":{"line":5,"column":8},"end":{"line":4,"column":4}},{"start":{"line":6,"column":8},"end":{"line":4,"column":4}},{"start":{"line":7,"column":8},"end":{"line":4,"column":4}},{"start":{"line":8,"column":8},"end":{"line":4,"column":4}},{"start":{"line":9,"column":8},"end":{"line":4,"column":4}},{"start":{"line":10,"column":8},"end":{"line":4,"column":4}},{"start":{"line":11,"column":8},"end":{"line":4,"column":4}},{"start":{"line":12,"column":8},"end":{"line":3,"column":39}}]},"1":{"loc":{"start":{"line":4,"column":4},"end":{"line":4,"column":10}},"type":"cond-expr","locations":[{"start":{"line":4,"column":4},"end":{"line":4,"column":10}},{"start":{"line":4,"column":4},"end":{"line":4,"column":19}}]}},"s":{"0":0,"1":0,"2":0},"f":{"0":0},"b":{"0":[0,0,0,0,0,0,0,0,0],"1":[0,0]}}
,"D:\\MyGitRepositories\\EPAM_React_tasks\\src\\app\\constants\\index.js": {"path":"D:\\MyGitRepositories\\EPAM_React_tasks\\src\\app\\constants\\index.js","statementMap":{"0":{"start":{"line":1,"column":0},"end":{"line":null,"column":-1}},"1":{"start":{"line":3,"column":29},"end":{"line":3,"column":0}},"2":{"start":{"line":3,"column":29},"end":{"line":null,"column":-1}},"3":{"start":{"line":5,"column":12},"end":{"line":5,"column":0}},"4":{"start":{"line":11,"column":19},"end":{"line":11,"column":0}},"5":{"start":{"line":16,"column":18},"end":{"line":null,"column":-1}},"6":{"start":{"line":45,"column":15},"end":{"line":45,"column":0}},"7":{"start":{"line":49,"column":21},"end":{"line":49,"column":0}},"8":{"start":{"line":58,"column":20},"end":{"line":58,"column":0}}},"fnMap":{"0":{"name":"selectedArticleRoute","decl":{"start":{"line":3,"column":6},"end":{"line":3,"column":29}},"loc":{"start":{"line":3,"column":29},"end":{"line":3,"column":0}}},"1":{"name":"isActive","decl":{"start":{"line":16,"column":18},"end":{"line":16,"column":18}},"loc":{"start":{"line":16,"column":18},"end":{"line":null,"column":-1}}}},"branchMap":{"0":{"loc":{"start":{"line":17,"column":12},"end":{"line":17,"column":20}},"type":"binary-expr","locations":[{"start":{"line":17,"column":12},"end":{"line":17,"column":20}},{"start":{"line":17,"column":21},"end":{"line":16,"column":18}}]}},"s":{"0":0,"1":0,"2":0,"3":0,"4":0,"5":0,"6":0,"7":0,"8":0},"f":{"0":0,"1":0},"b":{"0":[0,0]}}
,"D:\\MyGitRepositories\\EPAM_React_tasks\\src\\app\\containers\\DetailedNewsArticles\\DetailedNewsArticles.jsx": {"path":"D:\\MyGitRepositories\\EPAM_React_tasks\\src\\app\\containers\\DetailedNewsArticles\\DetailedNewsArticles.jsx","statementMap":{"0":{"start":{"line":1,"column":0},"end":{"line":null,"column":-1}},"1":{"start":{"line":2,"column":0},"end":{"line":null,"column":-1}},"2":{"start":{"line":3,"column":0},"end":{"line":null,"column":-1}},"3":{"start":{"line":5,"column":0},"end":{"line":null,"column":-1}},"4":{"start":{"line":6,"column":0},"end":{"line":null,"column":-1}},"5":{"start":{"line":7,"column":0},"end":{"line":null,"column":-1}},"6":{"start":{"line":11,"column":46},"end":{"line":10,"column":24}},"7":{"start":{"line":10,"column":24},"end":{"line":10,"column":23}},"8":{"start":{"line":12,"column":38},"end":{"line":12,"column":8}},"9":{"start":{"line":14,"column":8},"end":{"line":null,"column":-1}},"10":{"start":{"line":18,"column":8},"end":{"line":23,"column":9}},"11":{"start":{"line":22,"column":12},"end":{"line":null,"column":-1}},"12":{"start":{"line":26,"column":13},"end":{"line":null,"column":-1}},"13":{"start":{"line":27,"column":8},"end":{"line":null,"column":-1}},"14":{"start":{"line":28,"column":8},"end":{"line":null,"column":-1}},"15":{"start":{"line":32,"column":24},"end":{"line":null,"column":-1}},"16":{"start":{"line":50,"column":0},"end":{"line":null,"column":-1}},"17":{"start":{"line":60,"column":0},"end":{"line":null,"column":-1}}},"fnMap":{"0":{"name":"onChange","decl":{"start":{"line":31,"column":30},"end":{"line":31,"column":30}},"loc":{"start":{"line":31,"column":41},"end":{"line":30,"column":16}}}},"branchMap":{"0":{"loc":{"start":{"line":18,"column":8},"end":{"line":23,"column":9}},"type":"if","locations":[{"start":{"line":18,"column":8},"end":{"line":23,"column":9}},{"start":{"line":18,"column":8},"end":{"line":23,"column":9}}]},"1":{"loc":{"start":{"line":19,"column":12},"end":{"line":19,"column":11}},"type":"binary-expr","locations":[{"start":{"line":19,"column":12},"end":{"line":19,"column":11}},{"start":{"line":20,"column":12},"end":{"line":18,"column":8}}]},"2":{"loc":{"start":{"line":37,"column":20},"end":{"line":36,"column":17}},"type":"cond-expr","locations":[{"start":{"line":37,"column":20},"end":{"line":36,"column":17}},{"start":{"line":43,"column":20},"end":{"line":null,"column":-1}}]}},"s":{"0":0,"1":0,"2":0,"3":0,"4":0,"5":0,"6":0,"7":0,"8":0,"9":0,"10":0,"11":0,"12":0,"13":0,"14":0,"15":0,"16":0,"17":0},"f":{"0":0},"b":{"0":[0,0],"1":[0,0],"2":[0,0]}}
,"D:\\MyGitRepositories\\EPAM_React_tasks\\src\\app\\containers\\DetailedNewsArticles\\index.js": {"path":"D:\\MyGitRepositories\\EPAM_React_tasks\\src\\app\\containers\\DetailedNewsArticles\\index.js","statementMap":{"0":{"start":{"line":1,"column":0},"end":{"line":null,"column":-1}},"1":{"start":{"line":3,"column":0},"end":{"line":null,"column":-1}},"2":{"start":{"line":4,"column":0},"end":{"line":null,"column":-1}},"3":{"start":{"line":5,"column":0},"end":{"line":null,"column":-1}},"4":{"start":{"line":6,"column":0},"end":{"line":null,"column":-1}},"5":{"start":{"line":8,"column":24},"end":{"line":8,"column":0}},"6":{"start":{"line":8,"column":24},"end":{"line":null,"column":-1}},"7":{"start":{"line":15,"column":27},"end":{"line":15,"column":0}},"8":{"start":{"line":15,"column":27},"end":{"line":null,"column":-1}},"9":{"start":{"line":17,"column":8},"end":{"line":null,"column":-1}},"10":{"start":{"line":19,"column":14},"end":{"line":null,"column":-1}}},"fnMap":{"0":{"name":"mapStateToProps","decl":{"start":{"line":8,"column":6},"end":{"line":8,"column":24}},"loc":{"start":{"line":8,"column":24},"end":{"line":8,"column":0}}},"1":{"name":"mapDispatchToProps","decl":{"start":{"line":15,"column":6},"end":{"line":15,"column":27}},"loc":{"start":{"line":15,"column":27},"end":{"line":15,"column":0}}},"2":{"name":"loadRelatedNews","decl":{"start":{"line":16,"column":21},"end":{"line":16,"column":21}},"loc":{"start":{"line":16,"column":32},"end":{"line":15,"column":40}}},"3":{"name":"loadNews","decl":{"start":{"line":19,"column":14},"end":{"line":null,"column":-1}},"loc":{"start":{"line":19,"column":14},"end":{"line":null,"column":-1}}}},"branchMap":{},"s":{"0":0,"1":0,"2":0,"3":0,"4":0,"5":0,"6":0,"7":0,"8":0,"9":0,"10":0},"f":{"0":0,"1":0,"2":0,"3":0},"b":{}}
,"D:\\MyGitRepositories\\EPAM_React_tasks\\src\\app\\containers\\NewsColumns\\NewsColumns.jsx": {"path":"D:\\MyGitRepositories\\EPAM_React_tasks\\src\\app\\containers\\NewsColumns\\NewsColumns.jsx","statementMap":{"0":{"start":{"line":1,"column":0},"end":{"line":null,"column":-1}},"1":{"start":{"line":2,"column":0},"end":{"line":null,"column":-1}},"2":{"start":{"line":4,"column":0},"end":{"line":null,"column":-1}},"3":{"start":{"line":8,"column":46},"end":{"line":7,"column":24}},"4":{"start":{"line":7,"column":24},"end":{"line":7,"column":23}},"5":{"start":{"line":9,"column":38},"end":{"line":9,"column":8}},"6":{"start":{"line":10,"column":8},"end":{"line":null,"column":-1}},"7":{"start":{"line":14,"column":8},"end":{"line":20,"column":9}},"8":{"start":{"line":15,"column":12},"end":{"line":null,"column":-1}},"9":{"start":{"line":22,"column":8},"end":{"line":null,"column":-1}},"10":{"start":{"line":30,"column":0},"end":{"line":null,"column":-1}},"11":{"start":{"line":38,"column":0},"end":{"line":null,"column":-1}}},"fnMap":{},"branchMap":{"0":{"loc":{"start":{"line":14,"column":8},"end":{"line":20,"column":9}},"type":"if","locations":[{"start":{"line":14,"column":8},"end":{"line":20,"column":9}},{"start":{"line":14,"column":8},"end":{"line":20,"column":9}}]}},"s":{"0":0,"1":0,"2":0,"3":0,"4":0,"5":0,"6":0,"7":0,"8":0,"9":0,"10":0,"11":0},"f":{},"b":{"0":[0,0]}}
,"D:\\MyGitRepositories\\EPAM_React_tasks\\src\\app\\containers\\NewsColumns\\index.jsx": {"path":"D:\\MyGitRepositories\\EPAM_React_tasks\\src\\app\\containers\\NewsColumns\\index.jsx","statementMap":{"0":{"start":{"line":1,"column":0},"end":{"line":null,"column":-1}},"1":{"start":{"line":2,"column":0},"end":{"line":null,"column":-1}},"2":{"start":{"line":3,"column":0},"end":{"line":null,"column":-1}},"3":{"start":{"line":5,"column":0},"end":{"line":null,"column":-1}},"4":{"start":{"line":6,"column":0},"end":{"line":null,"column":-1}},"5":{"start":{"line":7,"column":0},"end":{"line":null,"column":-1}},"6":{"start":{"line":8,"column":0},"end":{"line":null,"column":-1}},"7":{"start":{"line":11,"column":28},"end":{"line":11,"column":4}},"8":{"start":{"line":13,"column":4},"end":{"line":null,"column":-1}},"9":{"start":{"line":13,"column":31},"end":{"line":null,"column":-1}},"10":{"start":{"line":23,"column":24},"end":{"line":23,"column":0}},"11":{"start":{"line":23,"column":24},"end":{"line":null,"column":-1}},"12":{"start":{"line":28,"column":27},"end":{"line":28,"column":0}},"13":{"start":{"line":28,"column":27},"end":{"line":null,"column":-1}},"14":{"start":{"line":29,"column":14},"end":{"line":null,"column":-1}}},"fnMap":{"0":{"name":"createColumnsFromNews","decl":{"start":{"line":10,"column":9},"end":{"line":10,"column":0}},"loc":{"start":{"line":10,"column":41},"end":{"line":21,"column":1}}},"1":{"name":"(anonymous_2)","decl":{"start":{"line":13,"column":31},"end":{"line":null,"column":-1}},"loc":{"start":{"line":13,"column":31},"end":{"line":13,"column":11}}},"2":{"name":"mapStateToProps","decl":{"start":{"line":23,"column":6},"end":{"line":23,"column":24}},"loc":{"start":{"line":23,"column":24},"end":{"line":23,"column":0}}},"3":{"name":"mapDispatchToProps","decl":{"start":{"line":28,"column":6},"end":{"line":28,"column":27}},"loc":{"start":{"line":28,"column":27},"end":{"line":28,"column":0}}},"4":{"name":"loadNews","decl":{"start":{"line":29,"column":14},"end":{"line":null,"column":-1}},"loc":{"start":{"line":29,"column":14},"end":{"line":null,"column":-1}}}},"branchMap":{},"s":{"0":0,"1":0,"2":0,"3":0,"4":0,"5":0,"6":0,"7":0,"8":0,"9":0,"10":0,"11":0,"12":0,"13":0,"14":0},"f":{"0":0,"1":0,"2":0,"3":0,"4":0},"b":{}}
,"D:\\MyGitRepositories\\EPAM_React_tasks\\src\\app\\containers\\RouteContentContainer\\index.jsx": {"path":"D:\\MyGitRepositories\\EPAM_React_tasks\\src\\app\\containers\\RouteContentContainer\\index.jsx","statementMap":{"0":{"start":{"line":1,"column":0},"end":{"line":null,"column":-1}},"1":{"start":{"line":2,"column":0},"end":{"line":null,"column":-1}},"2":{"start":{"line":3,"column":0},"end":{"line":null,"column":-1}},"3":{"start":{"line":5,"column":0},"end":{"line":null,"column":-1}},"4":{"start":{"line":6,"column":0},"end":{"line":null,"column":-1}},"5":{"start":{"line":7,"column":0},"end":{"line":null,"column":-1}},"6":{"start":{"line":9,"column":30},"end":{"line":9,"column":0}},"7":{"start":{"line":9,"column":30},"end":{"line":9,"column":29}},"8":{"start":{"line":9,"column":30},"end":{"line":null,"column":-1}},"9":{"start":{"line":15,"column":24},"end":{"line":null,"column":-1}},"10":{"start":{"line":27,"column":24},"end":{"line":null,"column":-1}},"11":{"start":{"line":34,"column":48},"end":{"line":null,"column":-1}},"12":{"start":{"line":35,"column":47},"end":{"line":null,"column":-1}},"13":{"start":{"line":40,"column":0},"end":{"line":null,"column":-1}},"14":{"start":{"line":44,"column":0},"end":{"line":null,"column":-1}}},"fnMap":{"0":{"name":"RouteContentContainer","decl":{"start":{"line":9,"column":6},"end":{"line":9,"column":30}},"loc":{"start":{"line":9,"column":30},"end":{"line":9,"column":0}}},"1":{"name":"render","decl":{"start":{"line":15,"column":24},"end":{"line":null,"column":-1}},"loc":{"start":{"line":15,"column":24},"end":{"line":null,"column":-1}}},"2":{"name":"render","decl":{"start":{"line":27,"column":24},"end":{"line":null,"column":-1}},"loc":{"start":{"line":27,"column":24},"end":{"line":null,"column":-1}}},"3":{"name":"render","decl":{"start":{"line":34,"column":48},"end":{"line":null,"column":-1}},"loc":{"start":{"line":34,"column":48},"end":{"line":34,"column":12}}},"4":{"name":"render","decl":{"start":{"line":35,"column":47},"end":{"line":null,"column":-1}},"loc":{"start":{"line":35,"column":47},"end":{"line":35,"column":12}}}},"branchMap":{},"s":{"0":0,"1":0,"2":0,"3":0,"4":0,"5":0,"6":0,"7":0,"8":0,"9":0,"10":0,"11":0,"12":0,"13":0,"14":0},"f":{"0":0,"1":0,"2":0,"3":0,"4":0},"b":{}}
,"D:\\MyGitRepositories\\EPAM_React_tasks\\src\\app\\containers\\SiteHeader\\SiteHeader.jsx": {"path":"D:\\MyGitRepositories\\EPAM_React_tasks\\src\\app\\containers\\SiteHeader\\SiteHeader.jsx","statementMap":{"0":{"start":{"line":1,"column":0},"end":{"line":null,"column":-1}},"1":{"start":{"line":2,"column":0},"end":{"line":null,"column":-1}},"2":{"start":{"line":4,"column":0},"end":{"line":null,"column":-1}},"3":{"start":{"line":6,"column":19},"end":{"line":6,"column":0}},"4":{"start":{"line":6,"column":19},"end":{"line":6,"column":18}},"5":{"start":{"line":6,"column":19},"end":{"line":null,"column":-1}},"6":{"start":{"line":15,"column":0},"end":{"line":null,"column":-1}}},"fnMap":{"0":{"name":"SiteHeader","decl":{"start":{"line":6,"column":6},"end":{"line":6,"column":19}},"loc":{"start":{"line":6,"column":19},"end":{"line":6,"column":0}}}},"branchMap":{},"s":{"0":0,"1":0,"2":0,"3":0,"4":0,"5":0,"6":0},"f":{"0":0},"b":{}}
,"D:\\MyGitRepositories\\EPAM_React_tasks\\src\\app\\containers\\SiteHeader\\index.js": {"path":"D:\\MyGitRepositories\\EPAM_React_tasks\\src\\app\\containers\\SiteHeader\\index.js","statementMap":{"0":{"start":{"line":1,"column":0},"end":{"line":null,"column":-1}},"1":{"start":{"line":3,"column":0},"end":{"line":null,"column":-1}},"2":{"start":{"line":4,"column":0},"end":{"line":null,"column":-1}},"3":{"start":{"line":6,"column":24},"end":{"line":6,"column":0}},"4":{"start":{"line":6,"column":24},"end":{"line":null,"column":-1}},"5":{"start":{"line":10,"column":27},"end":{"line":10,"column":0}},"6":{"start":{"line":10,"column":27},"end":{"line":null,"column":-1}},"7":{"start":{"line":12,"column":8},"end":{"line":null,"column":-1}},"8":{"start":{"line":16,"column":19},"end":{"line":16,"column":0}},"9":{"start":{"line":16,"column":19},"end":{"line":null,"column":-1}},"10":{"start":{"line":21,"column":16},"end":{"line":21,"column":0}}},"fnMap":{"0":{"name":"mapStateToProps","decl":{"start":{"line":6,"column":6},"end":{"line":6,"column":24}},"loc":{"start":{"line":6,"column":24},"end":{"line":6,"column":0}}},"1":{"name":"mapDispatchToProps","decl":{"start":{"line":10,"column":6},"end":{"line":10,"column":27}},"loc":{"start":{"line":10,"column":27},"end":{"line":10,"column":0}}},"2":{"name":"toggleNavLinks","decl":{"start":{"line":11,"column":20},"end":{"line":11,"column":20}},"loc":{"start":{"line":11,"column":30},"end":{"line":13,"column":5}}},"3":{"name":"mergeProps","decl":{"start":{"line":16,"column":6},"end":{"line":16,"column":19}},"loc":{"start":{"line":16,"column":19},"end":{"line":16,"column":0}}}},"branchMap":{},"s":{"0":0,"1":0,"2":0,"3":0,"4":0,"5":0,"6":0,"7":0,"8":0,"9":0,"10":0},"f":{"0":0,"1":0,"2":0,"3":0},"b":{}}
,"D:\\MyGitRepositories\\EPAM_React_tasks\\src\\app\\reducers\\articles.js": {"path":"D:\\MyGitRepositories\\EPAM_React_tasks\\src\\app\\reducers\\articles.js","statementMap":{"0":{"start":{"line":1,"column":0},"end":{"line":null,"column":-1}},"1":{"start":{"line":3,"column":0},"end":{"line":null,"column":-1}},"2":{"start":{"line":5,"column":17},"end":{"line":5,"column":0}},"3":{"start":{"line":7,"column":4},"end":{"line":null,"column":-1}}},"fnMap":{"0":{"name":"(anonymous_0)","decl":{"start":{"line":7,"column":4},"end":{"line":7,"column":4}},"loc":{"start":{"line":7,"column":4},"end":{"line":5,"column":17}}}},"branchMap":{},"s":{"0":0,"1":0,"2":0,"3":0},"f":{"0":0},"b":{}}
,"D:\\MyGitRepositories\\EPAM_React_tasks\\src\\app\\reducers\\articlesRelatedToSelected.js": {"path":"D:\\MyGitRepositories\\EPAM_React_tasks\\src\\app\\reducers\\articlesRelatedToSelected.js","statementMap":{"0":{"start":{"line":1,"column":0},"end":{"line":null,"column":-1}},"1":{"start":{"line":3,"column":0},"end":{"line":null,"column":-1}},"2":{"start":{"line":5,"column":34},"end":{"line":5,"column":0}},"3":{"start":{"line":7,"column":4},"end":{"line":null,"column":-1}}},"fnMap":{"0":{"name":"(anonymous_0)","decl":{"start":{"line":7,"column":4},"end":{"line":7,"column":4}},"loc":{"start":{"line":7,"column":4},"end":{"line":5,"column":34}}}},"branchMap":{},"s":{"0":0,"1":0,"2":0,"3":0},"f":{"0":0},"b":{}}
,"D:\\MyGitRepositories\\EPAM_React_tasks\\src\\app\\reducers\\index.js": {"path":"D:\\MyGitRepositories\\EPAM_React_tasks\\src\\app\\reducers\\index.js","statementMap":{"0":{"start":{"line":1,"column":0},"end":{"line":null,"column":-1}},"1":{"start":{"line":2,"column":0},"end":{"line":null,"column":-1}},"2":{"start":{"line":3,"column":0},"end":{"line":null,"column":-1}},"3":{"start":{"line":4,"column":0},"end":{"line":null,"column":-1}},"4":{"start":{"line":5,"column":0},"end":{"line":null,"column":-1}},"5":{"start":{"line":6,"column":0},"end":{"line":null,"column":-1}}},"fnMap":{},"branchMap":{},"s":{"0":0,"1":0,"2":0,"3":0,"4":0,"5":0},"f":{},"b":{}}
,"D:\\MyGitRepositories\\EPAM_React_tasks\\src\\app\\reducers\\navMenuIsOpened.js": {"path":"D:\\MyGitRepositories\\EPAM_React_tasks\\src\\app\\reducers\\navMenuIsOpened.js","statementMap":{"0":{"start":{"line":1,"column":0},"end":{"line":null,"column":-1}},"1":{"start":{"line":3,"column":0},"end":{"line":null,"column":-1}},"2":{"start":{"line":5,"column":24},"end":{"line":5,"column":0}},"3":{"start":{"line":7,"column":4},"end":{"line":null,"column":-1}}},"fnMap":{"0":{"name":"(anonymous_0)","decl":{"start":{"line":7,"column":4},"end":{"line":7,"column":4}},"loc":{"start":{"line":7,"column":4},"end":{"line":5,"column":24}}}},"branchMap":{},"s":{"0":0,"1":0,"2":0,"3":0},"f":{"0":0},"b":{}}
,"D:\\MyGitRepositories\\EPAM_React_tasks\\src\\app\\reducers\\newsIsLoading.js": {"path":"D:\\MyGitRepositories\\EPAM_React_tasks\\src\\app\\reducers\\newsIsLoading.js","statementMap":{"0":{"start":{"line":1,"column":0},"end":{"line":null,"column":-1}},"1":{"start":{"line":3,"column":0},"end":{"line":null,"column":-1}},"2":{"start":{"line":5,"column":22},"end":{"line":5,"column":0}},"3":{"start":{"line":7,"column":4},"end":{"line":null,"column":-1}}},"fnMap":{"0":{"name":"(anonymous_0)","decl":{"start":{"line":7,"column":4},"end":{"line":7,"column":4}},"loc":{"start":{"line":7,"column":4},"end":{"line":5,"column":22}}}},"branchMap":{},"s":{"0":0,"1":0,"2":0,"3":0},"f":{"0":0},"b":{}}
,"D:\\MyGitRepositories\\EPAM_React_tasks\\src\\app\\reducers\\selectedArticle.js": {"path":"D:\\MyGitRepositories\\EPAM_React_tasks\\src\\app\\reducers\\selectedArticle.js","statementMap":{"0":{"start":{"line":1,"column":0},"end":{"line":null,"column":-1}},"1":{"start":{"line":3,"column":0},"end":{"line":null,"column":-1}},"2":{"start":{"line":5,"column":24},"end":{"line":5,"column":0}},"3":{"start":{"line":7,"column":4},"end":{"line":null,"column":-1}}},"fnMap":{"0":{"name":"(anonymous_0)","decl":{"start":{"line":7,"column":4},"end":{"line":7,"column":4}},"loc":{"start":{"line":7,"column":4},"end":{"line":5,"column":24}}}},"branchMap":{},"s":{"0":0,"1":0,"2":0,"3":0},"f":{"0":0},"b":{}}
,"D:\\MyGitRepositories\\EPAM_React_tasks\\src\\app\\reducers\\selectedArticleIndex.js": {"path":"D:\\MyGitRepositories\\EPAM_React_tasks\\src\\app\\reducers\\selectedArticleIndex.js","statementMap":{"0":{"start":{"line":1,"column":0},"end":{"line":null,"column":-1}},"1":{"start":{"line":3,"column":0},"end":{"line":null,"column":-1}},"2":{"start":{"line":5,"column":24},"end":{"line":5,"column":0}},"3":{"start":{"line":7,"column":4},"end":{"line":null,"column":-1}}},"fnMap":{"0":{"name":"(anonymous_0)","decl":{"start":{"line":7,"column":4},"end":{"line":7,"column":4}},"loc":{"start":{"line":7,"column":4},"end":{"line":5,"column":24}}}},"branchMap":{},"s":{"0":0,"1":0,"2":0,"3":0},"f":{"0":0},"b":{}}
,"D:\\MyGitRepositories\\EPAM_React_tasks\\src\\app\\sagas\\fetchingNews.js": {"path":"D:\\MyGitRepositories\\EPAM_React_tasks\\src\\app\\sagas\\fetchingNews.js","statementMap":{"0":{"start":{"line":1,"column":0},"end":{"line":null,"column":-1}},"1":{"start":{"line":3,"column":0},"end":{"line":null,"column":-1}},"2":{"start":{"line":4,"column":0},"end":{"line":null,"column":-1}},"3":{"start":{"line":5,"column":0},"end":{"line":null,"column":-1}},"4":{"start":{"line":6,"column":0},"end":{"line":null,"column":-1}},"5":{"start":{"line":8,"column":6},"end":{"line":8,"column":0}},"6":{"start":{"line":8,"column":6},"end":{"line":null,"column":-1}},"7":{"start":{"line":8,"column":22},"end":{"line":null,"column":-1}},"8":{"start":{"line":9,"column":10},"end":{"line":8,"column":22}},"9":{"start":{"line":14,"column":0},"end":{"line":null,"column":-1}},"10":{"start":{"line":15,"column":10},"end":{"line":14,"column":0}},"11":{"start":{"line":16,"column":10},"end":{"line":14,"column":0}},"12":{"start":{"line":17,"column":10},"end":{"line":14,"column":0}},"13":{"start":{"line":30,"column":0},"end":{"line":null,"column":-1}},"14":{"start":{"line":31,"column":10},"end":{"line":30,"column":0}},"15":{"start":{"line":32,"column":8},"end":{"line":30,"column":0}},"16":{"start":{"line":36,"column":4},"end":{"line":30,"column":0}},"17":{"start":{"line":38,"column":4},"end":{"line":null,"column":-1}},"18":{"start":{"line":39,"column":8},"end":{"line":null,"column":-1}}},"fnMap":{"0":{"name":"(anonymous_7)","decl":{"start":{"line":8,"column":6},"end":{"line":null,"column":-1}},"loc":{"start":{"line":8,"column":6},"end":{"line":8,"column":-1}}},"1":{"name":"_callee","decl":{"start":{"line":8,"column":22},"end":{"line":8,"column":28}},"loc":{"start":{"line":8,"column":22},"end":{"line":8,"column":6}}},"2":{"name":"_callee$","decl":{"start":{"line":8,"column":22},"end":{"line":null,"column":-1}},"loc":{"start":{"line":8,"column":22},"end":{"line":null,"column":-1}}},"3":{"name":"loadRelatedNews","decl":{"start":{"line":14,"column":10},"end":{"line":14,"column":0}},"loc":{"start":{"line":14,"column":0},"end":{"line":null,"column":-1}}},"4":{"name":"loadRelatedNews$","decl":{"start":{"line":14,"column":0},"end":{"line":null,"column":-1}},"loc":{"start":{"line":14,"column":0},"end":{"line":null,"column":-1}}},"5":{"name":"loadNews","decl":{"start":{"line":30,"column":10},"end":{"line":30,"column":0}},"loc":{"start":{"line":30,"column":0},"end":{"line":null,"column":-1}}},"6":{"name":"loadNews$","decl":{"start":{"line":30,"column":0},"end":{"line":null,"column":-1}},"loc":{"start":{"line":30,"column":0},"end":{"line":null,"column":-1}}},"7":{"name":"(anonymous_15)","decl":{"start":{"line":38,"column":30},"end":{"line":38,"column":30}},"loc":{"start":{"line":38,"column":43},"end":{"line":38,"column":4}}}},"branchMap":{"0":{"loc":{"start":{"line":8,"column":22},"end":{"line":null,"column":-1}},"type":"switch","locations":[{"start":{"line":8,"column":22},"end":{"line":null,"column":-1}},{"start":{"line":8,"column":22},"end":{"line":null,"column":-1}},{"start":{"line":8,"column":22},"end":{"line":null,"column":-1}},{"start":{"line":8,"column":22},"end":{"line":null,"column":-1}}]},"1":{"loc":{"start":{"line":14,"column":0},"end":{"line":null,"column":-1}},"type":"switch","locations":[{"start":{"line":14,"column":0},"end":{"line":null,"column":-1}},{"start":{"line":14,"column":0},"end":{"line":null,"column":-1}},{"start":{"line":14,"column":0},"end":{"line":null,"column":-1}},{"start":{"line":14,"column":0},"end":{"line":null,"column":-1}},{"start":{"line":14,"column":0},"end":{"line":null,"column":-1}},{"start":{"line":14,"column":0},"end":{"line":null,"column":-1}}]},"2":{"loc":{"start":{"line":30,"column":0},"end":{"line":null,"column":-1}},"type":"switch","locations":[{"start":{"line":30,"column":0},"end":{"line":null,"column":-1}},{"start":{"line":30,"column":0},"end":{"line":null,"column":-1}},{"start":{"line":30,"column":0},"end":{"line":null,"column":-1}},{"start":{"line":30,"column":0},"end":{"line":null,"column":-1}},{"start":{"line":30,"column":0},"end":{"line":null,"column":-1}},{"start":{"line":30,"column":0},"end":{"line":null,"column":-1}},{"start":{"line":30,"column":0},"end":{"line":null,"column":-1}},{"start":{"line":30,"column":0},"end":{"line":null,"column":-1}}]},"3":{"loc":{"start":{"line":30,"column":0},"end":{"line":null,"column":-1}},"type":"if","locations":[{"start":{"line":30,"column":0},"end":{"line":null,"column":-1}},{"start":{"line":30,"column":0},"end":{"line":null,"column":-1}}]}},"s":{"0":0,"1":0,"2":0,"3":0,"4":0,"5":0,"6":0,"7":0,"8":0,"9":0,"10":0,"11":0,"12":0,"13":0,"14":0,"15":0,"16":0,"17":0,"18":0},"f":{"0":0,"1":0,"2":0,"3":0,"4":0,"5":0,"6":0,"7":0},"b":{"0":[0,0,0,0],"1":[0,0,0,0,0,0],"2":[0,0,0,0,0,0,0,0],"3":[0,0]}}
,"D:\\MyGitRepositories\\EPAM_React_tasks\\src\\app\\sagas\\index.js": {"path":"D:\\MyGitRepositories\\EPAM_React_tasks\\src\\app\\sagas\\index.js","statementMap":{"0":{"start":{"line":1,"column":0},"end":{"line":null,"column":-1}},"1":{"start":{"line":3,"column":0},"end":{"line":null,"column":-1}},"2":{"start":{"line":5,"column":15},"end":{"line":null,"column":-1}}},"fnMap":{"0":{"name":"rootSaga","decl":{"start":{"line":5,"column":25},"end":{"line":5,"column":15}},"loc":{"start":{"line":5,"column":15},"end":{"line":null,"column":-1}}},"1":{"name":"rootSaga$","decl":{"start":{"line":5,"column":15},"end":{"line":null,"column":-1}},"loc":{"start":{"line":5,"column":15},"end":{"line":null,"column":-1}}}},"branchMap":{"0":{"loc":{"start":{"line":5,"column":15},"end":{"line":null,"column":-1}},"type":"switch","locations":[{"start":{"line":5,"column":15},"end":{"line":null,"column":-1}},{"start":{"line":5,"column":15},"end":{"line":null,"column":-1}},{"start":{"line":5,"column":15},"end":{"line":null,"column":-1}}]}},"s":{"0":0,"1":0,"2":0},"f":{"0":0,"1":0},"b":{"0":[0,0,0]}}
,"D:\\MyGitRepositories\\EPAM_React_tasks\\src\\app\\selectors\\articles.jsx": {"path":"D:\\MyGitRepositories\\EPAM_React_tasks\\src\\app\\selectors\\articles.jsx","statementMap":{"0":{"start":{"line":1,"column":0},"end":{"line":null,"column":-1}},"1":{"start":{"line":2,"column":0},"end":{"line":null,"column":-1}},"2":{"start":{"line":4,"column":0},"end":{"line":null,"column":-1}},"3":{"start":{"line":6,"column":13},"end":{"line":6,"column":7}},"4":{"start":{"line":6,"column":27},"end":{"line":null,"column":-1}},"5":{"start":{"line":8,"column":13},"end":{"line":8,"column":7}},"6":{"start":{"line":8,"column":65},"end":{"line":null,"column":-1}},"7":{"start":{"line":9,"column":17},"end":{"line":null,"column":-1}}},"fnMap":{"0":{"name":"getArticles","decl":{"start":{"line":6,"column":13},"end":{"line":6,"column":27}},"loc":{"start":{"line":6,"column":27},"end":{"line":6,"column":7}}},"1":{"name":"(anonymous_2)","decl":{"start":{"line":8,"column":65},"end":{"line":null,"column":-1}},"loc":{"start":{"line":8,"column":65},"end":{"line":8,"column":35}}},"2":{"name":"(anonymous_3)","decl":{"start":{"line":9,"column":17},"end":{"line":null,"column":-1}},"loc":{"start":{"line":9,"column":17},"end":{"line":9,"column":4}}}},"branchMap":{},"s":{"0":0,"1":0,"2":0,"3":0,"4":0,"5":0,"6":0,"7":0},"f":{"0":0,"1":0,"2":0},"b":{}}
,"D:\\MyGitRepositories\\EPAM_React_tasks\\src\\app\\selectors\\articlesRelatedToSelected.js": {"path":"D:\\MyGitRepositories\\EPAM_React_tasks\\src\\app\\selectors\\articlesRelatedToSelected.js","statementMap":{"0":{"start":{"line":1,"column":0},"end":{"line":null,"column":-1}},"1":{"start":{"line":2,"column":0},"end":{"line":null,"column":-1}},"2":{"start":{"line":4,"column":13},"end":{"line":4,"column":7}},"3":{"start":{"line":4,"column":34},"end":{"line":null,"column":-1}},"4":{"start":{"line":5,"column":13},"end":{"line":5,"column":7}},"5":{"start":{"line":7,"column":4},"end":{"line":null,"column":-1}},"6":{"start":{"line":7,"column":49},"end":{"line":null,"column":-1}}},"fnMap":{"0":{"name":"getRelatedArticles","decl":{"start":{"line":4,"column":13},"end":{"line":4,"column":34}},"loc":{"start":{"line":4,"column":34},"end":{"line":4,"column":7}}},"1":{"name":"(anonymous_2)","decl":{"start":{"line":7,"column":4},"end":{"line":null,"column":-1}},"loc":{"start":{"line":7,"column":4},"end":{"line":5,"column":40}}},"2":{"name":"(anonymous_3)","decl":{"start":{"line":7,"column":49},"end":{"line":null,"column":-1}},"loc":{"start":{"line":7,"column":49},"end":{"line":7,"column":23}}}},"branchMap":{},"s":{"0":0,"1":0,"2":0,"3":0,"4":0,"5":0,"6":0},"f":{"0":0,"1":0,"2":0},"b":{}}
,"D:\\MyGitRepositories\\EPAM_React_tasks\\src\\app\\selectors\\index.js": {"path":"D:\\MyGitRepositories\\EPAM_React_tasks\\src\\app\\selectors\\index.js","statementMap":{"0":{"start":{"line":1,"column":0},"end":{"line":null,"column":-1}},"1":{"start":{"line":2,"column":0},"end":{"line":null,"column":-1}}},"fnMap":{"0":{"name":"(anonymous_0)","decl":{"start":{"line":1,"column":0},"end":{"line":null,"column":-1}},"loc":{"start":{"line":1,"column":0},"end":{"line":null,"column":-1}}},"1":{"name":"(anonymous_2)","decl":{"start":{"line":2,"column":0},"end":{"line":null,"column":-1}},"loc":{"start":{"line":2,"column":0},"end":{"line":null,"column":-1}}}},"branchMap":{"0":{"loc":{"start":{"line":1,"column":0},"end":{"line":null,"column":-1}},"type":"if","locations":[{"start":{"line":1,"column":0},"end":{"line":null,"column":-1}},{"start":{"line":1,"column":0},"end":{"line":null,"column":-1}}]},"1":{"loc":{"start":{"line":2,"column":0},"end":{"line":null,"column":-1}},"type":"if","locations":[{"start":{"line":2,"column":0},"end":{"line":null,"column":-1}},{"start":{"line":2,"column":0},"end":{"line":null,"column":-1}}]}},"s":{"0":0,"1":0},"f":{"0":0,"1":0},"b":{"0":[0,0],"1":[0,0]}}
,"D:\\MyGitRepositories\\EPAM_React_tasks\\src\\app\\tests\\jestsetup.js": {"path":"D:\\MyGitRepositories\\EPAM_React_tasks\\src\\app\\tests\\jestsetup.js","statementMap":{"0":{"start":{"line":5,"column":0},"end":{"line":5,"column":45}},"1":{"start":{"line":7,"column":0},"end":{"line":7,"column":21}},"2":{"start":{"line":8,"column":0},"end":{"line":8,"column":25}},"3":{"start":{"line":9,"column":0},"end":{"line":9,"column":23}},"4":{"start":{"line":10,"column":0},"end":{"line":10,"column":21}}},"fnMap":{},"branchMap":{},"s":{"0":1,"1":1,"2":1,"3":1,"4":1},"f":{},"b":{},"_coverageSchema":"332fd63041d2c1bcb487cc26dd0d5f7d97098a6c","hash":"5ac7627d06cc36fae9d26a9a305dcf5488af1233"}
,"D:\\MyGitRepositories\\EPAM_React_tasks\\src\\app\\utils\\createUuidv4.js": {"path":"D:\\MyGitRepositories\\EPAM_React_tasks\\src\\app\\utils\\createUuidv4.js","statementMap":{"0":{"start":{"line":1,"column":21},"end":{"line":1,"column":0}},"1":{"start":{"line":2,"column":12},"end":{"line":2,"column":4}},"2":{"start":{"line":3,"column":4},"end":{"line":8,"column":5}},"3":{"start":{"line":7,"column":8},"end":{"line":null,"column":-1}},"4":{"start":{"line":12,"column":4},"end":{"line":null,"column":-1}},"5":{"start":{"line":13,"column":19},"end":{"line":13,"column":8}},"6":{"start":{"line":14,"column":8},"end":{"line":null,"column":-1}},"7":{"start":{"line":15,"column":8},"end":{"line":null,"column":-1}}},"fnMap":{"0":{"name":"createUuidv4","decl":{"start":{"line":1,"column":6},"end":{"line":1,"column":21}},"loc":{"start":{"line":1,"column":27},"end":{"line":1,"column":0}}},"1":{"name":"(anonymous_1)","decl":{"start":{"line":12,"column":67},"end":{"line":12,"column":67}},"loc":{"start":{"line":12,"column":74},"end":{"line":12,"column":11}}}},"branchMap":{"0":{"loc":{"start":{"line":3,"column":4},"end":{"line":8,"column":5}},"type":"if","locations":[{"start":{"line":3,"column":4},"end":{"line":8,"column":5}},{"start":{"line":3,"column":4},"end":{"line":8,"column":5}}]},"1":{"loc":{"start":{"line":4,"column":8},"end":{"line":4,"column":7}},"type":"binary-expr","locations":[{"start":{"line":4,"column":8},"end":{"line":4,"column":7}},{"start":{"line":5,"column":8},"end":{"line":3,"column":4}}]},"2":{"loc":{"start":{"line":15,"column":28},"end":{"line":15,"column":16}},"type":"cond-expr","locations":[{"start":{"line":15,"column":28},"end":{"line":15,"column":16}},{"start":{"line":15,"column":33},"end":{"line":15,"column":15}}]}},"s":{"0":0,"1":0,"2":0,"3":0,"4":0,"5":0,"6":0,"7":0},"f":{"0":0,"1":0},"b":{"0":[0,0],"1":[0,0],"2":[0,0]}}
}
