TN:
SF:D:\MyGitRepositories\EPAM_React_tasks\src\index.jsx
FNF:0
FNH:0
DA:1,0
DA:2,0
DA:3,0
DA:4,0
DA:5,0
DA:6,0
DA:7,0
DA:13,0
DA:14,0
DA:15,0
DA:17,0
DA:18,0
DA:19,0
DA:20,0
DA:22,0
DA:23,0
DA:25,0
DA:31,0
DA:33,0
LF:19
LH:0
BRF:0
BRH:0
end_of_record
TN:
SF:D:\MyGitRepositories\EPAM_React_tasks\src\app\App.jsx
FN:10,App
FNF:1
FNH:0
FNDA:0,App
DA:1,0
DA:2,0
DA:4,0
DA:5,0
DA:6,0
DA:8,0
DA:11,0
LF:7
LH:0
BRF:0
BRH:0
end_of_record
TN:
SF:D:\MyGitRepositories\EPAM_React_tasks\src\app\actions\articleSelection.js
FNF:0
FNH:0
DA:1,0
DA:2,0
DA:4,0
DA:5,0
LF:4
LH:0
BRF:0
BRH:0
end_of_record
TN:
SF:D:\MyGitRepositories\EPAM_React_tasks\src\app\actions\index.js
FNF:0
FNH:0
DA:1,0
DA:2,0
DA:3,0
LF:3
LH:0
BRF:0
BRH:0
end_of_record
TN:
SF:D:\MyGitRepositories\EPAM_React_tasks\src\app\actions\loadingNews.js
FN:12,(anonymous_1)
FNF:1
FNH:0
FNDA:0,(anonymous_1)
DA:1,0
DA:3,0
DA:12,0
LF:3
LH:0
BRF:0
BRH:0
end_of_record
TN:
SF:D:\MyGitRepositories\EPAM_React_tasks\src\app\actions\navigation.js
FNF:0
FNH:0
DA:1,0
DA:2,0
DA:4,0
LF:3
LH:0
BRF:0
BRH:0
end_of_record
TN:
SF:D:\MyGitRepositories\EPAM_React_tasks\src\app\components\Article\index.jsx
FN:6,Article
FNF:1
FNH:0
FNDA:0,Article
DA:1,0
DA:2,0
DA:4,0
DA:6,0
DA:7,0
DA:9,0
DA:26,0
DA:32,0
LF:8
LH:0
BRDA:7,0,0,0
BRDA:7,0,1,0
BRDA:12,1,0,0
BRDA:12,1,1,0
BRF:4
BRH:0
end_of_record
TN:
SF:D:\MyGitRepositories\EPAM_React_tasks\src\app\components\ArticlesList\index.jsx
FN:8,ArticlesList
FN:9,(anonymous_2)
FNF:2
FNH:0
FNDA:0,ArticlesList
FNDA:0,(anonymous_2)
DA:1,0
DA:2,0
DA:4,0
DA:6,0
DA:8,0
DA:9,0
DA:18,0
DA:28,0
DA:34,0
LF:9
LH:0
BRF:0
BRH:0
end_of_record
TN:
SF:D:\MyGitRepositories\EPAM_React_tasks\src\app\components\Carousel\index.jsx
FN:16,render
FNF:1
FNH:0
FNDA:0,render
DA:1,0
DA:2,0
DA:3,0
DA:5,0
DA:9,0
DA:13,0
DA:16,0
DA:29,0
DA:34,0
LF:9
LH:0
BRF:0
BRH:0
end_of_record
TN:
SF:D:\MyGitRepositories\EPAM_React_tasks\src\app\components\DetailedArticle\index.jsx
FN:7,DetailedArticle
FNF:1
FNH:0
FNDA:0,DetailedArticle
DA:1,0
DA:3,0
DA:5,0
DA:7,0
DA:31,0
DA:35,0
LF:6
LH:0
BRF:0
BRH:0
end_of_record
TN:
SF:D:\MyGitRepositories\EPAM_React_tasks\src\app\components\Footer\index.jsx
FN:5,(anonymous_0)
FNF:1
FNH:1
FNDA:1,(anonymous_0)
DA:5,1
DA:6,1
LF:2
LH:2
BRF:0
BRH:0
end_of_record
TN:
SF:D:\MyGitRepositories\EPAM_React_tasks\src\app\components\Header\index.jsx
FN:11,Header
FN:24,onClick
FN:36,navLinksCallback
FNF:3
FNH:0
FNDA:0,Header
FNDA:0,onClick
FNDA:0,navLinksCallback
DA:1,0
DA:2,0
DA:3,0
DA:4,0
DA:6,0
DA:7,0
DA:9,0
DA:11,0
DA:25,0
DA:36,0
DA:48,0
LF:11
LH:0
BRDA:34,0,0,0
BRDA:34,0,1,0
BRF:2
BRH:0
end_of_record
TN:
SF:D:\MyGitRepositories\EPAM_React_tasks\src\app\components\LoadingIndicator\index.jsx
FN:9,LoadingIndicator
FNF:1
FNH:0
FNDA:0,LoadingIndicator
DA:1,0
DA:2,0
DA:3,0
DA:4,0
DA:6,0
DA:7,0
DA:9,0
DA:16,0
DA:22,0
LF:9
LH:0
BRF:0
BRH:0
end_of_record
TN:
SF:D:\MyGitRepositories\EPAM_React_tasks\src\app\components\NavigationPanel\index.jsx
FN:5,NavigationPanel
FN:9,(anonymous_2)
FN:11,onClick
FNF:3
FNH:0
FNDA:0,NavigationPanel
FNDA:0,(anonymous_2)
FNDA:0,onClick
DA:1,0
DA:2,0
DA:3,0
DA:5,0
DA:9,0
DA:12,0
DA:26,0
DA:32,0
LF:8
LH:0
BRF:0
BRH:0
end_of_record
TN:
SF:D:\MyGitRepositories\EPAM_React_tasks\src\app\constants\customPropTypes.js
FN:3,(anonymous_2)
FNF:1
FNH:0
FNDA:0,(anonymous_2)
DA:1,0
DA:3,0
LF:2
LH:0
BRDA:4,0,0,0
BRDA:4,0,1,0
BRDA:4,0,2,0
BRDA:4,0,3,0
BRDA:4,0,4,0
BRDA:4,0,5,0
BRDA:4,0,6,0
BRDA:4,0,7,0
BRDA:4,0,8,0
BRDA:4,1,0,0
BRDA:4,1,1,0
BRF:11
BRH:0
end_of_record
TN:
SF:D:\MyGitRepositories\EPAM_React_tasks\src\app\constants\index.js
FN:3,selectedArticleRoute
FN:16,isActive
FNF:2
FNH:0
FNDA:0,selectedArticleRoute
FNDA:0,isActive
DA:1,0
DA:3,0
DA:5,0
DA:11,0
DA:16,0
DA:45,0
DA:49,0
DA:58,0
LF:8
LH:0
BRDA:17,0,0,0
BRDA:17,0,1,0
BRF:2
BRH:0
end_of_record
TN:
SF:D:\MyGitRepositories\EPAM_React_tasks\src\app\containers\DetailedNewsArticles\DetailedNewsArticles.jsx
FN:31,onChange
FNF:1
FNH:0
FNDA:0,onChange
DA:1,0
DA:2,0
DA:3,0
DA:5,0
DA:6,0
DA:7,0
DA:10,0
DA:11,0
DA:12,0
DA:14,0
DA:18,0
DA:22,0
DA:26,0
DA:27,0
DA:28,0
DA:32,0
DA:50,0
DA:60,0
LF:18
LH:0
BRDA:18,0,0,0
BRDA:18,0,1,0
BRDA:19,1,0,0
BRDA:19,1,1,0
BRDA:37,2,0,0
BRDA:37,2,1,0
BRF:6
BRH:0
end_of_record
TN:
SF:D:\MyGitRepositories\EPAM_React_tasks\src\app\containers\DetailedNewsArticles\index.js
FN:8,mapStateToProps
FN:15,mapDispatchToProps
FN:16,loadRelatedNews
FN:19,loadNews
FNF:4
FNH:0
FNDA:0,mapStateToProps
FNDA:0,mapDispatchToProps
FNDA:0,loadRelatedNews
FNDA:0,loadNews
DA:1,0
DA:3,0
DA:4,0
DA:5,0
DA:6,0
DA:8,0
DA:15,0
DA:17,0
DA:19,0
LF:9
LH:0
BRF:0
BRH:0
end_of_record
TN:
SF:D:\MyGitRepositories\EPAM_React_tasks\src\app\containers\NewsColumns\NewsColumns.jsx
FNF:0
FNH:0
DA:1,0
DA:2,0
DA:4,0
DA:7,0
DA:8,0
DA:9,0
DA:10,0
DA:14,0
DA:15,0
DA:22,0
DA:30,0
DA:38,0
LF:12
LH:0
BRDA:14,0,0,0
BRDA:14,0,1,0
BRF:2
BRH:0
end_of_record
TN:
SF:D:\MyGitRepositories\EPAM_React_tasks\src\app\containers\NewsColumns\index.jsx
FN:10,createColumnsFromNews
FN:13,(anonymous_2)
FN:23,mapStateToProps
FN:28,mapDispatchToProps
FN:29,loadNews
FNF:5
FNH:0
FNDA:0,createColumnsFromNews
FNDA:0,(anonymous_2)
FNDA:0,mapStateToProps
FNDA:0,mapDispatchToProps
FNDA:0,loadNews
DA:1,0
DA:2,0
DA:3,0
DA:5,0
DA:6,0
DA:7,0
DA:8,0
DA:11,0
DA:13,0
DA:23,0
DA:28,0
DA:29,0
LF:12
LH:0
BRF:0
BRH:0
end_of_record
TN:
SF:D:\MyGitRepositories\EPAM_React_tasks\src\app\containers\RouteContentContainer\index.jsx
FN:9,RouteContentContainer
FN:15,render
FN:27,render
FN:34,render
FN:35,render
FNF:5
FNH:0
FNDA:0,RouteContentContainer
FNDA:0,render
FNDA:0,render
FNDA:0,render
FNDA:0,render
DA:1,0
DA:2,0
DA:3,0
DA:5,0
DA:6,0
DA:7,0
DA:9,0
DA:15,0
DA:27,0
DA:34,0
DA:35,0
DA:40,0
DA:44,0
LF:13
LH:0
BRF:0
BRH:0
end_of_record
TN:
SF:D:\MyGitRepositories\EPAM_React_tasks\src\app\containers\SiteHeader\SiteHeader.jsx
FN:6,SiteHeader
FNF:1
FNH:0
FNDA:0,SiteHeader
DA:1,0
DA:2,0
DA:4,0
DA:6,0
DA:15,0
LF:5
LH:0
BRF:0
BRH:0
end_of_record
TN:
SF:D:\MyGitRepositories\EPAM_React_tasks\src\app\containers\SiteHeader\index.js
FN:6,mapStateToProps
FN:10,mapDispatchToProps
FN:11,toggleNavLinks
FN:16,mergeProps
FNF:4
FNH:0
FNDA:0,mapStateToProps
FNDA:0,mapDispatchToProps
FNDA:0,toggleNavLinks
FNDA:0,mergeProps
DA:1,0
DA:3,0
DA:4,0
DA:6,0
DA:10,0
DA:12,0
DA:16,0
DA:21,0
LF:8
LH:0
BRF:0
BRH:0
end_of_record
TN:
SF:D:\MyGitRepositories\EPAM_React_tasks\src\app\reducers\articles.js
FN:7,(anonymous_0)
FNF:1
FNH:0
FNDA:0,(anonymous_0)
DA:1,0
DA:3,0
DA:5,0
DA:7,0
LF:4
LH:0
BRF:0
BRH:0
end_of_record
TN:
SF:D:\MyGitRepositories\EPAM_React_tasks\src\app\reducers\articlesRelatedToSelected.js
FN:7,(anonymous_0)
FNF:1
FNH:0
FNDA:0,(anonymous_0)
DA:1,0
DA:3,0
DA:5,0
DA:7,0
LF:4
LH:0
BRF:0
BRH:0
end_of_record
TN:
SF:D:\MyGitRepositories\EPAM_React_tasks\src\app\reducers\index.js
FNF:0
FNH:0
DA:1,0
DA:2,0
DA:3,0
DA:4,0
DA:5,0
DA:6,0
LF:6
LH:0
BRF:0
BRH:0
end_of_record
TN:
SF:D:\MyGitRepositories\EPAM_React_tasks\src\app\reducers\navMenuIsOpened.js
FN:7,(anonymous_0)
FNF:1
FNH:0
FNDA:0,(anonymous_0)
DA:1,0
DA:3,0
DA:5,0
DA:7,0
LF:4
LH:0
BRF:0
BRH:0
end_of_record
TN:
SF:D:\MyGitRepositories\EPAM_React_tasks\src\app\reducers\newsIsLoading.js
FN:7,(anonymous_0)
FNF:1
FNH:0
FNDA:0,(anonymous_0)
DA:1,0
DA:3,0
DA:5,0
DA:7,0
LF:4
LH:0
BRF:0
BRH:0
end_of_record
TN:
SF:D:\MyGitRepositories\EPAM_React_tasks\src\app\reducers\selectedArticle.js
FN:7,(anonymous_0)
FNF:1
FNH:0
FNDA:0,(anonymous_0)
DA:1,0
DA:3,0
DA:5,0
DA:7,0
LF:4
LH:0
BRF:0
BRH:0
end_of_record
TN:
SF:D:\MyGitRepositories\EPAM_React_tasks\src\app\reducers\selectedArticleIndex.js
FN:7,(anonymous_0)
FNF:1
FNH:0
FNDA:0,(anonymous_0)
DA:1,0
DA:3,0
DA:5,0
DA:7,0
LF:4
LH:0
BRF:0
BRH:0
end_of_record
TN:
SF:D:\MyGitRepositories\EPAM_React_tasks\src\app\sagas\fetchingNews.js
FN:8,(anonymous_7)
FN:8,_callee
FN:8,_callee$
FN:14,loadRelatedNews
FN:14,loadRelatedNews$
FN:30,loadNews
FN:30,loadNews$
FN:38,(anonymous_15)
FNF:8
FNH:0
FNDA:0,(anonymous_7)
FNDA:0,_callee
FNDA:0,_callee$
FNDA:0,loadRelatedNews
FNDA:0,loadRelatedNews$
FNDA:0,loadNews
FNDA:0,loadNews$
FNDA:0,(anonymous_15)
DA:1,0
DA:3,0
DA:4,0
DA:5,0
DA:6,0
DA:8,0
DA:9,0
DA:14,0
DA:15,0
DA:16,0
DA:17,0
DA:30,0
DA:31,0
DA:32,0
DA:36,0
DA:38,0
DA:39,0
LF:17
LH:0
BRDA:8,0,0,0
BRDA:8,0,1,0
BRDA:8,0,2,0
BRDA:8,0,3,0
BRDA:14,1,0,0
BRDA:14,1,1,0
BRDA:14,1,2,0
BRDA:14,1,3,0
BRDA:14,1,4,0
BRDA:14,1,5,0
BRDA:30,2,0,0
BRDA:30,2,1,0
BRDA:30,2,2,0
BRDA:30,2,3,0
BRDA:30,2,4,0
BRDA:30,2,5,0
BRDA:30,2,6,0
BRDA:30,2,7,0
BRDA:30,3,0,0
BRDA:30,3,1,0
BRF:20
BRH:0
end_of_record
TN:
SF:D:\MyGitRepositories\EPAM_React_tasks\src\app\sagas\index.js
FN:5,rootSaga
FN:5,rootSaga$
FNF:2
FNH:0
FNDA:0,rootSaga
FNDA:0,rootSaga$
DA:1,0
DA:3,0
DA:5,0
LF:3
LH:0
BRDA:5,0,0,0
BRDA:5,0,1,0
BRDA:5,0,2,0
BRF:3
BRH:0
end_of_record
TN:
SF:D:\MyGitRepositories\EPAM_React_tasks\src\app\selectors\articles.jsx
FN:6,getArticles
FN:8,(anonymous_2)
FN:9,(anonymous_3)
FNF:3
FNH:0
FNDA:0,getArticles
FNDA:0,(anonymous_2)
FNDA:0,(anonymous_3)
DA:1,0
DA:2,0
DA:4,0
DA:6,0
DA:8,0
DA:9,0
LF:6
LH:0
BRF:0
BRH:0
end_of_record
TN:
SF:D:\MyGitRepositories\EPAM_React_tasks\src\app\selectors\articlesRelatedToSelected.js
FN:4,getRelatedArticles
FN:7,(anonymous_2)
FN:7,(anonymous_3)
FNF:3
FNH:0
FNDA:0,getRelatedArticles
FNDA:0,(anonymous_2)
FNDA:0,(anonymous_3)
DA:1,0
DA:2,0
DA:4,0
DA:5,0
DA:7,0
LF:5
LH:0
BRF:0
BRH:0
end_of_record
TN:
SF:D:\MyGitRepositories\EPAM_React_tasks\src\app\selectors\index.js
FN:1,(anonymous_0)
FN:2,(anonymous_2)
FNF:2
FNH:0
FNDA:0,(anonymous_0)
FNDA:0,(anonymous_2)
DA:1,0
DA:2,0
LF:2
LH:0
BRDA:1,0,0,0
BRDA:1,0,1,0
BRDA:2,1,0,0
BRDA:2,1,1,0
BRF:4
BRH:0
end_of_record
TN:
SF:D:\MyGitRepositories\EPAM_React_tasks\src\app\tests\jestsetup.js
FNF:0
FNH:0
DA:5,1
DA:7,1
DA:8,1
DA:9,1
DA:10,1
LF:5
LH:5
BRF:0
BRH:0
end_of_record
TN:
SF:D:\MyGitRepositories\EPAM_React_tasks\src\app\utils\createUuidv4.js
FN:1,createUuidv4
FN:12,(anonymous_1)
FNF:2
FNH:0
FNDA:0,createUuidv4
FNDA:0,(anonymous_1)
DA:1,0
DA:2,0
DA:3,0
DA:7,0
DA:12,0
DA:13,0
DA:14,0
DA:15,0
LF:8
LH:0
BRDA:3,0,0,0
BRDA:3,0,1,0
BRDA:4,1,0,0
BRDA:4,1,1,0
BRDA:15,2,0,0
BRDA:15,2,1,0
BRF:6
BRH:0
end_of_record
